<?xml version="1.0" encoding="UTF-8"?>
<!-- Generated by org.testng.reporters.JUnitReportReporter -->
<testsuite hostname="DESKTOP-GRCB15Q" failures="0" tests="3" name="SignUpSignIn" time="29.657" errors="0" timestamp="2023-12-04T19:29:49 EET" skipped="0">
  <testcase classname="SignUpSignIn" name="SignUp" time="13.843"/>
  <system-out/>
  <testcase classname="SignUpSignIn" name="LogoutTest" time="8.445"/>
  <system-out/>
  <testcase classname="SignUpSignIn" name="LoginTest" time="7.369"/>
  <system-out/>
</testsuite> <!-- SignUpSignIn -->
